<?xml version="1.0" encoding="UTF-8"?>
<!-- Generated by org.testng.reporters.JUnitReportReporter -->
<testsuite skipped="0" hostname="BANL0754592B2" name="cicddemo.FirstTest" tests="1" failures="0" timestamp="17 May 2017 07:06:08 GMT" time="1.785" errors="0">
  <testcase name="LoadPage" time="1.785" classname="cicddemo.FirstTest"/>
</testsuite> <!-- cicddemo.FirstTest -->
